{"/Users/faridho/Documents/MY PROJECT/tdd-jest/src/filterByTerm.js": {"path":"/Users/faridho/Documents/MY PROJECT/tdd-jest/src/filterByTerm.js","statementMap":{"0":{"start":{"line":2,"column":4},"end":{"line":2,"column":60}},"1":{"start":{"line":2,"column":20},"end":{"line":2,"column":60}},"2":{"start":{"line":3,"column":4},"end":{"line":3,"column":64}},"3":{"start":{"line":3,"column":25},"end":{"line":3,"column":64}},"4":{"start":{"line":5,"column":4},"end":{"line":7,"column":6}},"5":{"start":{"line":6,"column":8},"end":{"line":6,"column":49}},"6":{"start":{"line":10,"column":0},"end":{"line":10,"column":29}}},"fnMap":{"0":{"name":"filterByTerm","decl":{"start":{"line":1,"column":9},"end":{"line":1,"column":21}},"loc":{"start":{"line":1,"column":44},"end":{"line":8,"column":1}},"line":1},"1":{"name":"(anonymous_1)","decl":{"start":{"line":5,"column":27},"end":{"line":5,"column":28}},"loc":{"start":{"line":5,"column":45},"end":{"line":7,"column":5}},"line":5}},"branchMap":{"0":{"loc":{"start":{"line":2,"column":4},"end":{"line":2,"column":60}},"type":"if","locations":[{"start":{"line":2,"column":4},"end":{"line":2,"column":60}},{"start":{"line":2,"column":4},"end":{"line":2,"column":60}}],"line":2},"1":{"loc":{"start":{"line":3,"column":4},"end":{"line":3,"column":64}},"type":"if","locations":[{"start":{"line":3,"column":4},"end":{"line":3,"column":64}},{"start":{"line":3,"column":4},"end":{"line":3,"column":64}}],"line":3}},"s":{"0":1,"1":0,"2":1,"3":0,"4":1,"5":3,"6":1},"f":{"0":1,"1":3},"b":{"0":[0,1],"1":[0,1]},"_coverageSchema":"1a1c01bbd47fc00a2c39e90264f33305004495a9","hash":"9b90ec0e72cc323056cbedd9f1aa8e2647b76df8"}
}
